Week1-workspace/SimpleCalc/build/outputs/logs/manifest-merger-debug-report.txt
-- Merging decision tree log ---
manifest
ADDED from Week1-workspace\SimpleCalc\AndroidManifest.xml:2:1-17:12
	package
		ADDED from Week1-workspace\SimpleCalc\AndroidManifest.xml:4:5-46
	android:versionName
		ADDED from Week1-workspace\SimpleCalc\AndroidManifest.xml:3:29-54
		INJECTED from Week1-workspace\SimpleCalc\AndroidManifest.xml
		INJECTED from Week1-workspace\SimpleCalc\AndroidManifest.xml
	android:versionCode
		ADDED from Week1-workspace\SimpleCalc\AndroidManifest.xml:3:5-28
		INJECTED from Week1-workspace\SimpleCalc\AndroidManifest.xml
		INJECTED from Week1-workspace\SimpleCalc\AndroidManifest.xml
	xmlns:android
		ADDED from Week1-workspace\SimpleCalc\AndroidManifest.xml:2:11-69
application
ADDED from Week1-workspace\SimpleCalc\AndroidManifest.xml:5:5-14:19
	android:label
		ADDED from Week1-workspace\SimpleCalc\AndroidManifest.xml:6:9-41
	android:icon
		ADDED from Week1-workspace\SimpleCalc\AndroidManifest.xml:5:18-47
activity#com.mamlambo.article.simplecalc.MainActivity
ADDED from Week1-workspace\SimpleCalc\AndroidManifest.xml:7:9-12:20
	android:label
		ADDED from Week1-workspace\SimpleCalc\AndroidManifest.xml:7:47-79
	android:name
		ADDED from Week1-workspace\SimpleCalc\AndroidManifest.xml:7:19-46
intent-filter#android.intent.action.MAIN+android.intent.category.LAUNCHER
ADDED from Week1-workspace\SimpleCalc\AndroidManifest.xml:8:13-11:29
action#android.intent.action.MAIN
ADDED from Week1-workspace\SimpleCalc\AndroidManifest.xml:9:17-69
	android:name
		ADDED from Week1-workspace\SimpleCalc\AndroidManifest.xml:9:25-66
category#android.intent.category.LAUNCHER
ADDED from Week1-workspace\SimpleCalc\AndroidManifest.xml:10:17-77
	android:name
		ADDED from Week1-workspace\SimpleCalc\AndroidManifest.xml:10:27-74
uses-sdk
ADDED from Week1-workspace\SimpleCalc\AndroidManifest.xml:15:5-72
	android:targetSdkVersion
		ADDED from Week1-workspace\SimpleCalc\AndroidManifest.xml:15:41-70
	android:minSdkVersion
		ADDED from Week1-workspace\SimpleCalc\AndroidManifest.xml:15:15-40